#
# There is insufficient memory for the Java Runtime Environment to continue.
# Native memory allocation (mmap) failed to map 532676608 bytes for G1 virtual space
# Possible reasons:
#   The system is out of physical RAM or swap space
#   The process is running with CompressedOops enabled, and the Java Heap may be blocking the growth of the native heap
# Possible solutions:
#   Reduce memory load on the system
#   Increase physical memory or swap space
#   Check if swap backing store is full
#   Decrease Java heap size (-Xmx/-Xms)
#   Decrease number of Java threads
#   Decrease Java thread stack sizes (-Xss)
#   Set larger code cache with -XX:ReservedCodeCacheSize=
#   JVM is running with Zero Based Compressed Oops mode in which the Java heap is
#     placed in the first 32GB address space. The Java Heap base address is the
#     maximum limit for the native heap growth. Please use -XX:HeapBaseMinAddress
#     to set the Java Heap base and to place the Java Heap above 32GB virtual address.
# This output file may be truncated or incomplete.
#
#  Out of Memory Error (os_windows.cpp:3829), pid=21668, tid=21688
#
# JRE version:  (17.0.8+7) (build )
# Java VM: OpenJDK 64-Bit Server VM (17.0.8+7-b1000.8, mixed mode, sharing, tiered, compressed oops, compressed class ptrs, g1 gc, windows-amd64)
# No core dump will be written. Minidumps are not enabled by default on client versions of Windows
#

---------------  S U M M A R Y ------------

Command Line: git4idea.http.GitAskPassApp Username for 'https://github.com': 

Host: Intel(R) Xeon(R) W-2223 CPU @ 3.60GHz, 8 cores, 31G,  Windows 10 , 64 bit Build 19041 (10.0.19041.3155)
Time: Fri Sep 15 15:22:30 2023  Windows 10 , 64 bit Build 19041 (10.0.19041.3155) elapsed time: 0.021505 seconds (0d 0h 0m 0s)

---------------  T H R E A D  ---------------

Current thread (0x0000019de40670a0):  JavaThread "Unknown thread" [_thread_in_vm, id=21688, stack(0x0000006227d00000,0x0000006227e00000)]

Stack: [0x0000006227d00000,0x0000006227e00000]
Native frames: (J=compiled Java code, j=interpreted, Vv=VM code, C=native code)
V  [jvm.dll+0x6852da]
V  [jvm.dll+0x844c84]
V  [jvm.dll+0x84659e]
V  [jvm.dll+0x846c03]
V  [jvm.dll+0x24b7cf]
V  [jvm.dll+0x682049]
V  [jvm.dll+0x67671a]
V  [jvm.dll+0x30be2b]
V  [jvm.dll+0x3132d6]
V  [jvm.dll+0x36302e]
V  [jvm.dll+0x36325f]
V  [jvm.dll+0x2e1f48]
V  [jvm.dll+0x2e2eb4]
V  [jvm.dll+0x815c11]
V  [jvm.dll+0x370df1]
V  [jvm.dll+0x7f4fdc]
V  [jvm.dll+0x3f3f1f]
V  [jvm.dll+0x3f5b31]
C  [jli.dll+0x528f]
C  [ucrtbase.dll+0x21bb2]
C  [KERNEL32.DLL+0x17614]
C  [ntdll.dll+0x526b1]


---------------  P R O C E S S  ---------------

Threads class SMR info:
_java_thread_list=0x00007ffce31c0098, length=0, elements={
}

Java Threads: ( => current thread )

Other Threads:
  0x0000019de4114aa0 GCTaskThread "GC Thread#0" [stack: 0x0000006227e00000,0x0000006227f00000] [id=21692]
  0x0000019de41267d0 ConcurrentGCThread "G1 Main Marker" [stack: 0x0000006227f00000,0x0000006228000000] [id=21696]
  0x0000019de4127980 ConcurrentGCThread "G1 Conc#0" [stack: 0x0000006228000000,0x0000006228100000] [id=21700]

[error occurred during error reporting (printing all threads), id 0xc0000005, EXCEPTION_ACCESS_VIOLATION (0xc0000005) at pc=0x00007ffce2972ab7]

VM state: not at safepoint (not fully initialized)

VM Mutex/Monitor currently owned by a thread:  ([mutex/lock_event])
[0x0000019de4063680] Heap_lock - owner thread: 0x0000019de40670a0

Heap address: 0x0000000604400000, size: 8124 MB, Compressed Oops mode: Zero based, Oop shift amount: 3

CDS archive(s) mapped at: [0x0000000000000000-0x0000000000000000-0x0000000000000000), size 0, SharedBaseAddress: 0x0000000800000000, ArchiveRelocationMode: 1.
Narrow klass base: 0x0000000000000000, Narrow klass shift: 0, Narrow klass range: 0x0

GC Precious Log:
<Empty>

Heap:
 garbage-first heap   total 0K, used 0K [0x0000000604400000, 0x0000000800000000)
  region size 4096K, 0 young (0K), 0 survivors (0K)
 Metaspace       used 0K, committed 0K, reserved 0K
  class space    used 0K, committed 0K, reserved 0K

Heap Regions: E=young(eden), S=young(survivor), O=old, HS=humongous(starts), HC=humongous(continues), CS=collection set, F=free, OA=open archive, CA=closed archive, TAMS=top-at-mark-start (previous, next)

Card table byte_map: [0x0000019df7af0000,0x0000019df8ad0000] _byte_map_base: 0x0000019df4ace000

Marking Bits (Prev, Next): (CMBitMap*) 0x0000019de41160d0, (CMBitMap*) 0x0000019de4116110
 Prev Bits: [0x0000019d80000000, 0x0000019d87ef0000)
 Next Bits: [0x0000019d87ef0000, 0x0000019d8fde0000)

GC Heap History (0 events):
No events

Dll operation events (1 events):
Event: 0.012 Loaded shared library C:\Program Files\JetBrains\IntelliJ IDEA 2023.2.1\jbr\bin\java.dll

Deoptimization events (0 events):
No events

Classes unloaded (0 events):
No events

Classes redefined (0 events):
No events

Internal exceptions (0 events):
No events

VM Operations (0 events):
No events

Events (0 events):
No events


Dynamic libraries:
0x00007ff705b50000 - 0x00007ff705b5a000 	C:\Program Files\JetBrains\IntelliJ IDEA 2023.2.1\jbr\bin\java.exe
0x00007ffd38cb0000 - 0x00007ffd38ea8000 	C:\WINDOWS\SYSTEM32\ntdll.dll
0x00007ffd37b10000 - 0x00007ffd37bcf000 	C:\WINDOWS\System32\KERNEL32.DLL
0x00007ffd36900000 - 0x00007ffd36bf6000 	C:\WINDOWS\System32\KERNELBASE.dll
0x00007ffd363c0000 - 0x00007ffd364c0000 	C:\WINDOWS\System32\ucrtbase.dll
0x00007ffd20e10000 - 0x00007ffd20e27000 	C:\Program Files\JetBrains\IntelliJ IDEA 2023.2.1\jbr\bin\jli.dll
0x00007ffd389a0000 - 0x00007ffd38b3d000 	C:\WINDOWS\System32\USER32.dll
0x00007ffd10970000 - 0x00007ffd1098b000 	C:\Program Files\JetBrains\IntelliJ IDEA 2023.2.1\jbr\bin\VCRUNTIME140.dll
0x00007ffd36390000 - 0x00007ffd363b2000 	C:\WINDOWS\System32\win32u.dll
0x00007ffd24120000 - 0x00007ffd243ba000 	C:\WINDOWS\WinSxS\amd64_microsoft.windows.common-controls_6595b64144ccf1df_6.0.19041.1110_none_60b5254171f9507e\COMCTL32.dll
0x00007ffd37ee0000 - 0x00007ffd37f0c000 	C:\WINDOWS\System32\GDI32.dll
0x00007ffd36ed0000 - 0x00007ffd36f6e000 	C:\WINDOWS\System32\msvcrt.dll
0x00007ffd364c0000 - 0x00007ffd365d5000 	C:\WINDOWS\System32\gdi32full.dll
0x00007ffd36c00000 - 0x00007ffd36c9d000 	C:\WINDOWS\System32\msvcp_win.dll
0x00007ffd38970000 - 0x00007ffd389a0000 	C:\WINDOWS\System32\IMM32.DLL
0x00007ffd2d320000 - 0x00007ffd2d32c000 	C:\Program Files\JetBrains\IntelliJ IDEA 2023.2.1\jbr\bin\vcruntime140_1.dll
0x00007ffce4150000 - 0x00007ffce41dd000 	C:\Program Files\JetBrains\IntelliJ IDEA 2023.2.1\jbr\bin\msvcp140.dll
0x00007ffce2680000 - 0x00007ffce3303000 	C:\Program Files\JetBrains\IntelliJ IDEA 2023.2.1\jbr\bin\server\jvm.dll
0x00007ffd383e0000 - 0x00007ffd3848f000 	C:\WINDOWS\System32\ADVAPI32.dll
0x00007ffd37de0000 - 0x00007ffd37e7c000 	C:\WINDOWS\System32\sechost.dll
0x00007ffd37bd0000 - 0x00007ffd37cf6000 	C:\WINDOWS\System32\RPCRT4.dll
0x00007ffd358b0000 - 0x00007ffd358fb000 	C:\WINDOWS\SYSTEM32\POWRPROF.dll
0x00007ffcf17d0000 - 0x00007ffcf17d9000 	C:\WINDOWS\SYSTEM32\WSOCK32.dll
0x00007ffd2bba0000 - 0x00007ffd2bbc7000 	C:\WINDOWS\SYSTEM32\WINMM.dll
0x00007ffd30f50000 - 0x00007ffd30f5a000 	C:\WINDOWS\SYSTEM32\VERSION.dll
0x00007ffd38750000 - 0x00007ffd387bb000 	C:\WINDOWS\System32\WS2_32.dll
0x00007ffd35770000 - 0x00007ffd35782000 	C:\WINDOWS\SYSTEM32\UMPDC.dll
0x00007ffd34210000 - 0x00007ffd34222000 	C:\WINDOWS\SYSTEM32\kernel.appcore.dll
0x00007ffd31540000 - 0x00007ffd3154a000 	C:\Program Files\JetBrains\IntelliJ IDEA 2023.2.1\jbr\bin\jimage.dll
0x00007ffd2b910000 - 0x00007ffd2baf4000 	C:\WINDOWS\SYSTEM32\DBGHELP.DLL
0x00007ffd2b2d0000 - 0x00007ffd2b304000 	C:\WINDOWS\SYSTEM32\dbgcore.DLL
0x00007ffd36870000 - 0x00007ffd368f2000 	C:\WINDOWS\System32\bcryptPrimitives.dll
0x00007ffd29670000 - 0x00007ffd29695000 	C:\Program Files\JetBrains\IntelliJ IDEA 2023.2.1\jbr\bin\java.dll

dbghelp: loaded successfully - version: 4.0.5 - missing functions: none
symbol engine: initialized successfully - sym options: 0x614 - pdb path: .;C:\Program Files\JetBrains\IntelliJ IDEA 2023.2.1\jbr\bin;C:\WINDOWS\SYSTEM32;C:\WINDOWS\WinSxS\amd64_microsoft.windows.common-controls_6595b64144ccf1df_6.0.19041.1110_none_60b5254171f9507e;C:\Program Files\JetBrains\IntelliJ IDEA 2023.2.1\jbr\bin\server

VM Arguments:
java_command: git4idea.http.GitAskPassApp Username for 'https://github.com': 
java_class_path (initial): C:/Program Files/JetBrains/IntelliJ IDEA 2023.2.1/plugins/vcs-git/lib/git4idea-rt.jar;C:/Program Files/JetBrains/IntelliJ IDEA 2023.2.1/lib/externalProcess-rt.jar
Launcher Type: SUN_STANDARD

[Global flags]
     intx CICompilerCount                          = 4                                         {product} {ergonomic}
     uint ConcGCThreads                            = 2                                         {product} {ergonomic}
     uint G1ConcRefinementThreads                  = 8                                         {product} {ergonomic}
   size_t G1HeapRegionSize                         = 4194304                                   {product} {ergonomic}
    uintx GCDrainStackTargetSize                   = 64                                        {product} {ergonomic}
   size_t InitialHeapSize                          = 532676608                                 {product} {ergonomic}
   size_t MarkStackSize                            = 4194304                                   {product} {ergonomic}
   size_t MaxHeapSize                              = 8518631424                                {product} {ergonomic}
   size_t MinHeapDeltaBytes                        = 4194304                                   {product} {ergonomic}
   size_t MinHeapSize                              = 8388608                                   {product} {ergonomic}
    uintx NonNMethodCodeHeapSize                   = 5839372                                {pd product} {ergonomic}
    uintx NonProfiledCodeHeapSize                  = 122909434                              {pd product} {ergonomic}
    uintx ProfiledCodeHeapSize                     = 122909434                              {pd product} {ergonomic}
    uintx ReservedCodeCacheSize                    = 251658240                              {pd product} {ergonomic}
     bool SegmentedCodeCache                       = true                                      {product} {ergonomic}
   size_t SoftMaxHeapSize                          = 8518631424                             {manageable} {ergonomic}
     bool UseCompressedClassPointers               = true                           {product lp64_product} {ergonomic}
     bool UseCompressedOops                        = true                           {product lp64_product} {ergonomic}
     bool UseG1GC                                  = true                                      {product} {ergonomic}
     bool UseLargePagesIndividualAllocation        = false                                  {pd product} {ergonomic}

Logging:
Log output configuration:
 #0: stdout all=warning uptime,level,tags
 #1: stderr all=off uptime,level,tags

Environment Variables:
PATH=C:\Program Files\Git\mingw64\libexec\git-core;C:\Program Files\Git\mingw64\libexec\git-core;C:\Program Files\Git\mingw64\bin;C:\Program Files\Git\usr\bin;C:\Users\AI510-27\bin;C:\Program Files\Common Files\Oracle\Java\javapath;C:\windows\system32;C:\windows;C:\windows\System32\Wbem;C:\windows\System32\WindowsPowerShell\v1.0;C:\windows\System32\OpenSSH;C:\Program Files (x86)\NVIDIA Corporation\PhysX\Common;C:\Program Files\NVIDIA Corporation\NVIDIA NvDLISR;C:\Program Files (x86)\HP\HP Performance Advisor;C:\WINDOWS\system32;C:\WINDOWS;C:\WINDOWS\System32\Wbem;C:\WINDOWS\System32\WindowsPowerShell\v1.0;C:\WINDOWS\System32\OpenSSH;C:\Program Files\nodejs;C:\Program Files\Git\cmd;C:\Program Files\Microsoft SQL Server\150\Tools\Binn;C:\Program Files\dotnet;C:\Users\AI510-27\AppData\Local\Microsoft\WindowsApps;C:\Users\AI510-27\AppData\Local\Programs\Microsoft VS Code\bin;C:\Users\AI510-27\AppData\Roaming\npm;C:\Program Files\nodejs;C:\Users\AI510-27\AppData\Local\afreeca;C:\Users\AI510-27\.dotnet\tools
USERNAME=AI510-27
DISPLAY=:0.0
LC_ALL=en_US.UTF-8
TERM=xterm-256color
TMPDIR=C:\Users\AI510-27\AppData\Local\Temp
OS=Windows_NT
PROCESSOR_IDENTIFIER=Intel64 Family 6 Model 85 Stepping 7, GenuineIntel
TMP=C:\Users\AI510-27\AppData\Local\Temp
TEMP=C:\Users\AI510-27\AppData\Local\Temp


JNI global refs:
JNI global refs: 0, weak refs: 0

JNI global refs memory usage: 0, weak refs: 0

OOME stack traces (most recent first):
Classloader memory used:


---------------  S Y S T E M  ---------------

OS:
 Windows 10 , 64 bit Build 19041 (10.0.19041.3155)
OS uptime: 2 days 5:20 hours
Hyper-V role detected

CPU: total 8 (initial active 8) (4 cores per cpu, 2 threads per core) family 6 model 85 stepping 7 microcode 0x5003501, cx8, cmov, fxsr, ht, mmx, 3dnowpref, sse, sse2, sse3, ssse3, sse4.1, sse4.2, popcnt, lzcnt, tsc, tscinvbit, avx, avx2, aes, erms, clmul, bmi1, bmi2, adx, avx512f, avx512dq, avx512cd, avx512bw, avx512vl, fma, vzeroupper, avx512_vnni, clflush, clflushopt, clwb, hv
Processor Information for all 8 processors :
  Max Mhz: 3600, Current Mhz: 3600, Mhz Limit: 3600

Memory: 4k page, system-wide physical 32495M (12994M free)
TotalPageFile size 36591M (AvailPageFile size 116M)
current process WorkingSet (physical memory assigned to process): 11M, peak: 11M
current process commit charge ("private bytes"): 60M, peak: 568M

vm_info: OpenJDK 64-Bit Server VM (17.0.8+7-b1000.8) for windows-amd64 JRE (17.0.8+7-b1000.8), built on 2023-08-04 by "builduser" with MS VC++ 16.10 / 16.11 (VS2019)

END.
